[INFO] 2025-10-10 15:37:00,681 django.utils.autoreload | Watching for file changes with StatReloader
[INFO] 2025-10-10 15:37:05,062 django.utils.autoreload | C:\Users\MY PC\Django Venv\company\ecommerce_project\ecommerce_project\settings.py changed, reloading.
[INFO] 2025-10-10 15:37:06,477 django.utils.autoreload | Watching for file changes with StatReloader
[INFO] 2025-10-10 15:37:08,541 django.utils.autoreload | C:\Users\MY PC\Django Venv\company\ecommerce_project\ecommerce_project\settings.py changed, reloading.
[INFO] 2025-10-10 15:37:09,774 django.utils.autoreload | Watching for file changes with StatReloader
[INFO] 2025-10-10 15:37:13,111 django.utils.autoreload | C:\Users\MY PC\Django Venv\company\ecommerce_project\ecommerce_project\settings.py changed, reloading.
[INFO] 2025-10-10 15:37:14,263 django.utils.autoreload | Watching for file changes with StatReloader
[INFO] 2025-10-10 15:37:16,456 django.utils.autoreload | C:\Users\MY PC\Django Venv\company\ecommerce_project\ecommerce_project\settings.py changed, reloading.
[INFO] 2025-10-10 15:37:17,885 django.utils.autoreload | Watching for file changes with StatReloader
[INFO] 2025-10-10 15:38:18,106 django.utils.autoreload | C:\Users\MY PC\Django Venv\company\ecommerce_project\ecommerce_project\settings.py changed, reloading.
[INFO] 2025-10-10 15:38:19,723 django.utils.autoreload | Watching for file changes with StatReloader
[INFO] 2025-10-10 15:38:22,187 django.utils.autoreload | C:\Users\MY PC\Django Venv\company\ecommerce_project\ecommerce_project\settings.py changed, reloading.
[INFO] 2025-10-10 15:38:23,411 django.utils.autoreload | Watching for file changes with StatReloader
[INFO] 2025-10-10 15:42:23,556 django.utils.autoreload | C:\Users\MY PC\Django Venv\company\ecommerce_project\ecommerce_project\settings.py changed, reloading.
[INFO] 2025-10-10 15:42:24,683 django.utils.autoreload | Watching for file changes with StatReloader
[INFO] 2025-10-10 15:42:28,154 django.utils.autoreload | C:\Users\MY PC\Django Venv\company\ecommerce_project\ecommerce_project\settings.py changed, reloading.
[INFO] 2025-10-10 15:42:29,069 django.utils.autoreload | Watching for file changes with StatReloader
[INFO] 2025-10-10 15:42:30,590 django.utils.autoreload | C:\Users\MY PC\Django Venv\company\ecommerce_project\ecommerce_project\settings.py changed, reloading.
[INFO] 2025-10-10 15:42:31,831 django.utils.autoreload | Watching for file changes with StatReloader
[INFO] 2025-10-10 15:42:39,026 django.utils.autoreload | C:\Users\MY PC\Django Venv\company\ecommerce_project\ecommerce_project\settings.py changed, reloading.
[INFO] 2025-10-10 15:42:40,456 django.utils.autoreload | Watching for file changes with StatReloader
[INFO] 2025-10-10 15:42:56,994 django.utils.autoreload | C:\Users\MY PC\Django Venv\company\ecommerce_project\ecommerce_project\settings.py changed, reloading.
[INFO] 2025-10-10 15:42:58,356 django.utils.autoreload | Watching for file changes with StatReloader
[INFO] 2025-10-10 15:43:05,977 django.utils.autoreload | C:\Users\MY PC\Django Venv\company\ecommerce_project\ecommerce_project\settings.py changed, reloading.
[INFO] 2025-10-10 15:43:07,425 django.utils.autoreload | Watching for file changes with StatReloader
[INFO] 2025-10-10 15:43:09,603 django.utils.autoreload | C:\Users\MY PC\Django Venv\company\ecommerce_project\ecommerce_project\settings.py changed, reloading.
[INFO] 2025-10-10 15:43:10,545 django.utils.autoreload | Watching for file changes with StatReloader
[INFO] 2025-10-10 15:43:22,165 django.utils.autoreload | C:\Users\MY PC\Django Venv\company\ecommerce_project\ecommerce_project\settings.py changed, reloading.
[INFO] 2025-10-10 15:43:23,625 django.utils.autoreload | Watching for file changes with StatReloader
[INFO] 2025-10-10 15:45:12,973 django.utils.autoreload | Watching for file changes with StatReloader
[INFO] 2025-10-10 15:45:53,336 django.utils.autoreload | C:\Users\MY PC\Django Venv\company\ecommerce_project\ecommerce_project\settings.py changed, reloading.
[INFO] 2025-10-10 15:45:54,585 django.utils.autoreload | Watching for file changes with StatReloader
[INFO] 2025-10-10 15:45:58,173 django.utils.autoreload | C:\Users\MY PC\Django Venv\company\ecommerce_project\ecommerce_project\settings.py changed, reloading.
[INFO] 2025-10-10 15:45:59,397 django.utils.autoreload | Watching for file changes with StatReloader
[INFO] 2025-10-10 15:46:56,254 django.utils.autoreload | C:\Users\MY PC\Django Venv\company\ecommerce_project\ecommerce_project\settings.py changed, reloading.
[INFO] 2025-10-10 15:46:57,858 django.utils.autoreload | Watching for file changes with StatReloader
[INFO] 2025-10-10 15:46:59,477 django.utils.autoreload | C:\Users\MY PC\Django Venv\company\ecommerce_project\ecommerce_project\settings.py changed, reloading.
[INFO] 2025-10-10 15:47:01,314 django.utils.autoreload | Watching for file changes with StatReloader
[INFO] 2025-10-10 15:47:02,766 django.utils.autoreload | C:\Users\MY PC\Django Venv\company\ecommerce_project\ecommerce_project\settings.py changed, reloading.
[INFO] 2025-10-10 15:47:04,085 django.utils.autoreload | Watching for file changes with StatReloader
[DEBUG] 2025-10-10 15:47:04,522 django.db.backends | (0.001) 
                SELECT VERSION(),
                       @@sql_mode,
                       @@default_storage_engine,
                       @@sql_auto_is_null,
                       @@lower_case_table_names,
                       CONVERT_TZ('2001-01-01 01:00:00', 'UTC', 'UTC') IS NOT NULL
            ; args=None; alias=default
[DEBUG] 2025-10-10 15:47:04,524 django.db.backends | (0.000) SET SESSION TRANSACTION ISOLATION LEVEL READ COMMITTED; args=None; alias=default
[DEBUG] 2025-10-10 15:47:04,528 django.db.backends | (0.003) 
            SELECT
                table_name,
                table_type,
                table_comment
            FROM information_schema.tables
            WHERE table_schema = DATABASE()
            ; args=None; alias=default
[DEBUG] 2025-10-10 15:47:04,539 django.db.backends | (0.001) SELECT `django_migrations`.`id`, `django_migrations`.`app`, `django_migrations`.`name`, `django_migrations`.`applied` FROM `django_migrations`; args=(); alias=default
[INFO] 2025-10-10 15:47:22,842 django.utils.autoreload | C:\Users\MY PC\Django Venv\company\ecommerce_project\ecommerce_project\settings.py changed, reloading.
[INFO] 2025-10-10 15:47:55,398 django.utils.autoreload | Watching for file changes with StatReloader
[DEBUG] 2025-10-10 15:47:55,776 django.db.backends | (0.001) 
                SELECT VERSION(),
                       @@sql_mode,
                       @@default_storage_engine,
                       @@sql_auto_is_null,
                       @@lower_case_table_names,
                       CONVERT_TZ('2001-01-01 01:00:00', 'UTC', 'UTC') IS NOT NULL
            ; args=None; alias=default
[DEBUG] 2025-10-10 15:47:55,778 django.db.backends | (0.001) SET SESSION TRANSACTION ISOLATION LEVEL READ COMMITTED; args=None; alias=default
[DEBUG] 2025-10-10 15:47:55,782 django.db.backends | (0.004) 
            SELECT
                table_name,
                table_type,
                table_comment
            FROM information_schema.tables
            WHERE table_schema = DATABASE()
            ; args=None; alias=default
[DEBUG] 2025-10-10 15:47:55,793 django.db.backends | (0.001) SELECT `django_migrations`.`id`, `django_migrations`.`app`, `django_migrations`.`name`, `django_migrations`.`applied` FROM `django_migrations`; args=(); alias=default
[DEBUG] 2025-10-10 15:59:18,863 django.db.backends | (0.008) 
                SELECT VERSION(),
                       @@sql_mode,
                       @@default_storage_engine,
                       @@sql_auto_is_null,
                       @@lower_case_table_names,
                       CONVERT_TZ('2001-01-01 01:00:00', 'UTC', 'UTC') IS NOT NULL
            ; args=None; alias=default
[DEBUG] 2025-10-10 15:59:18,865 django.db.backends | (0.000) SET SESSION TRANSACTION ISOLATION LEVEL READ COMMITTED; args=None; alias=default
[DEBUG] 2025-10-10 15:59:18,895 django.db.backends | (0.029) SELECT `shop_management_customsession`.`id`, `shop_management_customsession`.`session_id`, `shop_management_customsession`.`customer_id`, `shop_management_customsession`.`shopkeeper_id`, `shop_management_customsession`.`privileges`, `shop_management_customsession`.`created_at`, `shop_management_customsession`.`expires_at`, `shop_management_customsession`.`mode`, `customers`.`id`, `customers`.`username`, `customers`.`email`, `customers`.`role`, `customers`.`created_at`, `shopkeepers`.`id`, `shopkeepers`.`username`, `shopkeepers`.`email`, `shopkeepers`.`role`, `shopkeepers`.`created_at` FROM `shop_management_customsession` LEFT OUTER JOIN `customers` ON (`shop_management_customsession`.`customer_id` = `customers`.`id`) LEFT OUTER JOIN `shopkeepers` ON (`shop_management_customsession`.`shopkeeper_id` = `shopkeepers`.`id`) WHERE `shop_management_customsession`.`expires_at` > '2025-10-10 10:29:18.839097'; args=('2025-10-10 10:29:18.839097',); alias=default
[INFO] 2025-10-10 15:59:18,898 django.server | "GET /api/active/ HTTP/1.1" 200 19
[DEBUG] 2025-10-10 15:59:40,409 django.db.backends | (0.010) 
                SELECT VERSION(),
                       @@sql_mode,
                       @@default_storage_engine,
                       @@sql_auto_is_null,
                       @@lower_case_table_names,
                       CONVERT_TZ('2001-01-01 01:00:00', 'UTC', 'UTC') IS NOT NULL
            ; args=None; alias=default
[DEBUG] 2025-10-10 15:59:40,412 django.db.backends | (0.001) SET SESSION TRANSACTION ISOLATION LEVEL READ COMMITTED; args=None; alias=default
[DEBUG] 2025-10-10 15:59:40,425 django.db.backends | (0.011) SELECT `customers`.`id`, `customers`.`username`, `customers`.`email`, `customers`.`role`, `customers`.`created_at` FROM `customers` WHERE (`customers`.`email` = 'rakesh@example.com' AND `customers`.`username` = 'rakesh') ORDER BY `customers`.`id` ASC LIMIT 1; args=('rakesh@example.com', 'rakesh'); alias=default
[DEBUG] 2025-10-10 15:59:40,440 django.db.backends | (0.009) SELECT `shopkeepers`.`id`, `shopkeepers`.`username`, `shopkeepers`.`email`, `shopkeepers`.`role`, `shopkeepers`.`created_at` FROM `shopkeepers` WHERE (`shopkeepers`.`email` = 'rakesh@example.com' AND `shopkeepers`.`username` = 'rakesh') ORDER BY `shopkeepers`.`id` ASC LIMIT 1; args=('rakesh@example.com', 'rakesh'); alias=default
[DEBUG] 2025-10-10 15:59:40,445 django.db.backends | (0.001) BEGIN; args=None; alias=default
[DEBUG] 2025-10-10 15:59:40,506 django.db.backends | (0.058) DELETE FROM `shop_management_customsession` WHERE `shop_management_customsession`.`expires_at` < '2025-10-10 10:29:40.442928'; args=('2025-10-10 10:29:40.442928',); alias=default
[DEBUG] 2025-10-10 15:59:40,540 django.db.backends | (0.033) COMMIT; args=None; alias=default
[DEBUG] 2025-10-10 15:59:40,553 django.db.backends | (0.005) SELECT `shop_management_customsession`.`id`, `shop_management_customsession`.`session_id`, `shop_management_customsession`.`customer_id`, `shop_management_customsession`.`shopkeeper_id`, `shop_management_customsession`.`privileges`, `shop_management_customsession`.`created_at`, `shop_management_customsession`.`expires_at`, `shop_management_customsession`.`mode` FROM `shop_management_customsession` WHERE `shop_management_customsession`.`expires_at` > '2025-10-10 10:29:40.543356' ORDER BY `shop_management_customsession`.`id` ASC LIMIT 1; args=('2025-10-10 10:29:40.543356',); alias=default
[DEBUG] 2025-10-10 15:59:40,596 django.db.backends | (0.035) INSERT INTO `shop_management_customsession` (`session_id`, `customer_id`, `shopkeeper_id`, `privileges`, `created_at`, `expires_at`, `mode`) VALUES ('9bf3e067-07b4-4510-888a-6fc526781e06', NULL, 1, '{\"can_edit\": true, \"can_delete\": false}', '2025-10-10 10:29:40.558398', '2025-10-10 14:29:40.555405', 'single'); args=['9bf3e067-07b4-4510-888a-6fc526781e06', None, 1, '{"can_edit": true, "can_delete": false}', '2025-10-10 10:29:40.558398', '2025-10-10 14:29:40.555405', 'single']; alias=default
[INFO] 2025-10-10 15:59:40,601 django.server | "POST /api/login/ HTTP/1.1" 200 110
[DEBUG] 2025-10-10 15:59:56,251 django.db.backends | (0.003) SET SESSION TRANSACTION ISOLATION LEVEL READ COMMITTED; args=None; alias=default
[DEBUG] 2025-10-10 15:59:56,259 django.db.backends | (0.006) SELECT `shop_management_customsession`.`id`, `shop_management_customsession`.`session_id`, `shop_management_customsession`.`customer_id`, `shop_management_customsession`.`shopkeeper_id`, `shop_management_customsession`.`privileges`, `shop_management_customsession`.`created_at`, `shop_management_customsession`.`expires_at`, `shop_management_customsession`.`mode` FROM `shop_management_customsession` WHERE `shop_management_customsession`.`session_id` = '9bf3e067-07b4-4510-888a-6fc526781e06' LIMIT 21; args=('9bf3e067-07b4-4510-888a-6fc526781e06',); alias=default
[DEBUG] 2025-10-10 15:59:56,270 django.db.backends | (0.005) SELECT `shopkeepers`.`id`, `shopkeepers`.`username`, `shopkeepers`.`email`, `shopkeepers`.`role`, `shopkeepers`.`created_at` FROM `shopkeepers` WHERE `shopkeepers`.`id` = 1 LIMIT 21; args=(1,); alias=default
[ERROR] 2025-10-10 15:59:56,532 django.request | Internal Server Error: /api/my_products/
Traceback (most recent call last):
  File "C:\Users\MY PC\Django Venv\company\Lib\site-packages\django\core\handlers\exception.py", line 55, in inner
    response = get_response(request)
  File "C:\Users\MY PC\Django Venv\company\Lib\site-packages\django\core\handlers\base.py", line 197, in _get_response
    response = wrapped_callback(request, *callback_args, **callback_kwargs)
  File "C:\Users\MY PC\Django Venv\company\Lib\site-packages\django\views\decorators\csrf.py", line 65, in _view_wrapper
    return view_func(request, *args, **kwargs)
  File "C:\Users\MY PC\Django Venv\company\ecommerce_project\shop_management\views.py", line 309, in list_products
    page = json.loads(request.body).get('page', 1)
           ~~~~~~~~~~^^^^^^^^^^^^^^
  File "C:\Users\MY PC\AppData\Local\Programs\Python\Python313\Lib\json\__init__.py", line 346, in loads
    return _default_decoder.decode(s)
           ~~~~~~~~~~~~~~~~~~~~~~~^^^
  File "C:\Users\MY PC\AppData\Local\Programs\Python\Python313\Lib\json\decoder.py", line 345, in decode
    obj, end = self.raw_decode(s, idx=_w(s, 0).end())
               ~~~~~~~~~~~~~~~^^^^^^^^^^^^^^^^^^^^^^^
  File "C:\Users\MY PC\AppData\Local\Programs\Python\Python313\Lib\json\decoder.py", line 363, in raw_decode
    raise JSONDecodeError("Expecting value", s, err.value) from None
json.decoder.JSONDecodeError: Expecting value: line 1 column 1 (char 0)
[ERROR] 2025-10-10 15:59:56,555 django.server | "GET /api/my_products/ HTTP/1.1" 500 85291
[DEBUG] 2025-10-10 16:00:21,821 django.db.backends | (0.001) SET SESSION TRANSACTION ISOLATION LEVEL READ COMMITTED; args=None; alias=default
[DEBUG] 2025-10-10 16:00:21,828 django.db.backends | (0.006) SELECT `shop_management_customsession`.`id`, `shop_management_customsession`.`session_id`, `shop_management_customsession`.`customer_id`, `shop_management_customsession`.`shopkeeper_id`, `shop_management_customsession`.`privileges`, `shop_management_customsession`.`created_at`, `shop_management_customsession`.`expires_at`, `shop_management_customsession`.`mode` FROM `shop_management_customsession` WHERE `shop_management_customsession`.`session_id` = '9bf3e067-07b4-4510-888a-6fc526781e06' LIMIT 21; args=('9bf3e067-07b4-4510-888a-6fc526781e06',); alias=default
[DEBUG] 2025-10-10 16:00:21,835 django.db.backends | (0.004) SELECT `shopkeepers`.`id`, `shopkeepers`.`username`, `shopkeepers`.`email`, `shopkeepers`.`role`, `shopkeepers`.`created_at` FROM `shopkeepers` WHERE `shopkeepers`.`id` = 1 LIMIT 21; args=(1,); alias=default
[DEBUG] 2025-10-10 16:00:21,907 django.db.backends | (0.018) SELECT `products`.`id` AS `id`, `products`.`name` AS `name`, `products`.`price` AS `price`, `products`.`stock` AS `stock` FROM `products` WHERE `products`.`created_by_id` = 1; args=(1,); alias=default
[INFO] 2025-10-10 16:00:21,914 django.server | "GET /api/my_products/ HTTP/1.1" 200 842
[DEBUG] 2025-10-10 16:01:51,987 django.db.backends | (0.011) 
                SELECT VERSION(),
                       @@sql_mode,
                       @@default_storage_engine,
                       @@sql_auto_is_null,
                       @@lower_case_table_names,
                       CONVERT_TZ('2001-01-01 01:00:00', 'UTC', 'UTC') IS NOT NULL
            ; args=None; alias=default
[DEBUG] 2025-10-10 16:01:51,990 django.db.backends | (0.001) SET SESSION TRANSACTION ISOLATION LEVEL READ COMMITTED; args=None; alias=default
[DEBUG] 2025-10-10 16:01:52,001 django.db.backends | (0.009) SELECT `shop_management_customsession`.`id`, `shop_management_customsession`.`session_id`, `shop_management_customsession`.`customer_id`, `shop_management_customsession`.`shopkeeper_id`, `shop_management_customsession`.`privileges`, `shop_management_customsession`.`created_at`, `shop_management_customsession`.`expires_at`, `shop_management_customsession`.`mode` FROM `shop_management_customsession` WHERE `shop_management_customsession`.`session_id` = '9bf3e067-07b4-4510-888a-6fc526781e06' LIMIT 21; args=('9bf3e067-07b4-4510-888a-6fc526781e06',); alias=default
[DEBUG] 2025-10-10 16:01:52,011 django.db.backends | (0.006) SELECT `shopkeepers`.`id`, `shopkeepers`.`username`, `shopkeepers`.`email`, `shopkeepers`.`role`, `shopkeepers`.`created_at` FROM `shopkeepers` WHERE `shopkeepers`.`id` = 1 LIMIT 21; args=(1,); alias=default
[INFO] 2025-10-10 16:01:52,024 django.server | "GET /api/my_products/ HTTP/1.1" 200 842
[INFO] 2025-10-10 16:02:12,165 django.utils.autoreload | Watching for file changes with StatReloader
[DEBUG] 2025-10-10 16:02:12,528 django.db.backends | (0.004) 
                SELECT VERSION(),
                       @@sql_mode,
                       @@default_storage_engine,
                       @@sql_auto_is_null,
                       @@lower_case_table_names,
                       CONVERT_TZ('2001-01-01 01:00:00', 'UTC', 'UTC') IS NOT NULL
            ; args=None; alias=default
[DEBUG] 2025-10-10 16:02:12,530 django.db.backends | (0.001) SET SESSION TRANSACTION ISOLATION LEVEL READ COMMITTED; args=None; alias=default
[DEBUG] 2025-10-10 16:02:12,604 django.db.backends | (0.074) 
            SELECT
                table_name,
                table_type,
                table_comment
            FROM information_schema.tables
            WHERE table_schema = DATABASE()
            ; args=None; alias=default
[DEBUG] 2025-10-10 16:02:12,637 django.db.backends | (0.017) SELECT `django_migrations`.`id`, `django_migrations`.`app`, `django_migrations`.`name`, `django_migrations`.`applied` FROM `django_migrations`; args=(); alias=default
[DEBUG] 2025-10-10 16:02:15,052 django.db.backends | (0.004) 
                SELECT VERSION(),
                       @@sql_mode,
                       @@default_storage_engine,
                       @@sql_auto_is_null,
                       @@lower_case_table_names,
                       CONVERT_TZ('2001-01-01 01:00:00', 'UTC', 'UTC') IS NOT NULL
            ; args=None; alias=default
[DEBUG] 2025-10-10 16:02:15,054 django.db.backends | (0.001) SET SESSION TRANSACTION ISOLATION LEVEL READ COMMITTED; args=None; alias=default
[DEBUG] 2025-10-10 16:02:15,058 django.db.backends | (0.003) SELECT `shop_management_customsession`.`id`, `shop_management_customsession`.`session_id`, `shop_management_customsession`.`customer_id`, `shop_management_customsession`.`shopkeeper_id`, `shop_management_customsession`.`privileges`, `shop_management_customsession`.`created_at`, `shop_management_customsession`.`expires_at`, `shop_management_customsession`.`mode` FROM `shop_management_customsession` WHERE `shop_management_customsession`.`session_id` = '9bf3e067-07b4-4510-888a-6fc526781e06' LIMIT 21; args=('9bf3e067-07b4-4510-888a-6fc526781e06',); alias=default
[DEBUG] 2025-10-10 16:02:15,062 django.db.backends | (0.002) SELECT `shopkeepers`.`id`, `shopkeepers`.`username`, `shopkeepers`.`email`, `shopkeepers`.`role`, `shopkeepers`.`created_at` FROM `shopkeepers` WHERE `shopkeepers`.`id` = 1 LIMIT 21; args=(1,); alias=default
[INFO] 2025-10-10 16:02:15,086 django.server | "GET /api/my_products/ HTTP/1.1" 200 842
[INFO] 2025-10-10 16:06:49,130 django.utils.autoreload | C:\Users\MY PC\Django Venv\company\ecommerce_project\ecommerce_project\settings.py changed, reloading.
[INFO] 2025-10-15 14:49:19,330 django.utils.autoreload | Watching for file changes with StatReloader
[DEBUG] 2025-10-15 14:49:19,916 django.db.backends | (0.003) 
                SELECT VERSION(),
                       @@sql_mode,
                       @@default_storage_engine,
                       @@sql_auto_is_null,
                       @@lower_case_table_names,
                       CONVERT_TZ('2001-01-01 01:00:00', 'UTC', 'UTC') IS NOT NULL
            ; args=None; alias=default
[DEBUG] 2025-10-15 14:49:19,920 django.db.backends | (0.001) SET SESSION TRANSACTION ISOLATION LEVEL READ COMMITTED; args=None; alias=default
[DEBUG] 2025-10-15 14:49:19,926 django.db.backends | (0.003) 
            SELECT
                table_name,
                table_type,
                table_comment
            FROM information_schema.tables
            WHERE table_schema = DATABASE()
            ; args=None; alias=default
[DEBUG] 2025-10-15 14:49:19,936 django.db.backends | (0.001) SELECT `django_migrations`.`id`, `django_migrations`.`app`, `django_migrations`.`name`, `django_migrations`.`applied` FROM `django_migrations`; args=(); alias=default
[INFO] 2025-10-15 14:49:27,068 django.utils.autoreload | C:\Users\MY PC\Django Venv\company\ecommerce_project\ecommerce_project\settings.py changed, reloading.
